2017-11-08 18:08:44,018 CRIT Supervisor running as root (no user in config file)
2017-11-08 18:08:44,018 WARN Included extra file "/etc/supervisor/conf.d/supervisord.conf" during parsing
2017-11-08 18:08:44,037 INFO RPC interface 'supervisor' initialized
2017-11-08 18:08:44,037 CRIT Server 'unix_http_server' running without any HTTP authentication checking
2017-11-08 18:08:44,037 INFO supervisord started with pid 1
2017-11-08 18:08:45,042 INFO spawned: 'varnishd' with pid 13
2017-11-08 18:08:45,045 INFO spawned: 'php-fpm' with pid 14
2017-11-08 18:08:45,058 INFO spawned: 'varnish-plugins-watcher' with pid 15
2017-11-08 18:08:45,068 INFO spawned: 'nginx' with pid 16
2017-11-08 18:08:45,078 INFO spawned: 'MailHog' with pid 17
2017-11-08 18:08:45,087 INFO spawned: 'mysql' with pid 20
2017-11-08 18:08:45,105 INFO spawned: 'varnish-themes-watcher' with pid 21
2017-11-08 18:08:46,074 INFO success: varnishd entered RUNNING state, process has stayed up for > than 1 seconds (startsecs)
2017-11-08 18:08:46,074 INFO success: php-fpm entered RUNNING state, process has stayed up for > than 1 seconds (startsecs)
2017-11-08 18:08:46,074 INFO success: varnish-plugins-watcher entered RUNNING state, process has stayed up for > than 1 seconds (startsecs)
2017-11-08 18:08:46,074 INFO success: nginx entered RUNNING state, process has stayed up for > than 1 seconds (startsecs)
2017-11-08 18:08:46,074 INFO success: MailHog entered RUNNING state, process has stayed up for > than 1 seconds (startsecs)
2017-11-08 18:08:46,177 INFO success: mysql entered RUNNING state, process has stayed up for > than 1 seconds (startsecs)
2017-11-08 18:08:46,177 INFO success: varnish-themes-watcher entered RUNNING state, process has stayed up for > than 1 seconds (startsecs)
2017-11-14 02:04:26,923 CRIT Supervisor running as root (no user in config file)
2017-11-14 02:04:26,923 WARN Included extra file "/etc/supervisor/conf.d/supervisord.conf" during parsing
2017-11-14 02:04:27,265 INFO RPC interface 'supervisor' initialized
2017-11-14 02:04:27,271 CRIT Server 'unix_http_server' running without any HTTP authentication checking
2017-11-14 02:04:27,272 INFO supervisord started with pid 1
2017-11-14 02:04:28,279 INFO spawned: 'varnishd' with pid 7
2017-11-14 02:04:28,292 INFO spawned: 'php-fpm' with pid 8
2017-11-14 02:04:28,296 INFO spawned: 'varnish-plugins-watcher' with pid 9
2017-11-14 02:04:28,304 INFO spawned: 'nginx' with pid 10
2017-11-14 02:04:28,326 INFO spawned: 'MailHog' with pid 11
2017-11-14 02:04:28,342 INFO spawned: 'mysql' with pid 12
2017-11-14 02:04:28,358 INFO spawned: 'varnish-themes-watcher' with pid 13
2017-11-14 02:04:29,789 INFO success: varnishd entered RUNNING state, process has stayed up for > than 1 seconds (startsecs)
2017-11-14 02:04:29,790 INFO success: php-fpm entered RUNNING state, process has stayed up for > than 1 seconds (startsecs)
2017-11-14 02:04:29,791 INFO success: varnish-plugins-watcher entered RUNNING state, process has stayed up for > than 1 seconds (startsecs)
2017-11-14 02:04:29,791 INFO success: nginx entered RUNNING state, process has stayed up for > than 1 seconds (startsecs)
2017-11-14 02:04:29,791 INFO success: MailHog entered RUNNING state, process has stayed up for > than 1 seconds (startsecs)
2017-11-14 02:04:29,791 INFO success: mysql entered RUNNING state, process has stayed up for > than 1 seconds (startsecs)
2017-11-14 02:04:29,791 INFO success: varnish-themes-watcher entered RUNNING state, process has stayed up for > than 1 seconds (startsecs)
