2017-11-08 18:08:45 28 [Warning] Using unique option prefix myisam-recover instead of myisam-recover-options is deprecated and will be removed in a future release. Please use the full name instead.
2017-11-08 18:08:45 28 [Note] Plugin 'FEDERATED' is disabled.
2017-11-08 18:08:45 28 [Note] InnoDB: Using atomics to ref count buffer pool pages
2017-11-08 18:08:45 28 [Note] InnoDB: The InnoDB memory heap is disabled
2017-11-08 18:08:45 28 [Note] InnoDB: Mutexes and rw_locks use GCC atomic builtins
2017-11-08 18:08:45 28 [Note] InnoDB: Memory barrier is not used
2017-11-08 18:08:45 28 [Note] InnoDB: Compressed tables use zlib 1.2.3
2017-11-08 18:08:45 28 [Note] InnoDB: Using Linux native AIO
2017-11-08 18:08:45 28 [Note] InnoDB: Using CPU crc32 instructions
2017-11-08 18:08:45 28 [Note] InnoDB: Initializing buffer pool, size = 8.0M
2017-11-08 18:08:45 28 [Note] InnoDB: Completed initialization of buffer pool
2017-11-08 18:08:45 28 [Note] InnoDB: Highest supported file format is Barracuda.
2017-11-08 18:08:45 28 [Note] InnoDB: The log sequence numbers 1625987 and 1625987 in ibdata files do not match the log sequence number 1625997 in the ib_logfiles!
2017-11-08 18:08:45 28 [Note] InnoDB: Database was not shutdown normally!
2017-11-08 18:08:45 28 [Note] InnoDB: Starting crash recovery.
2017-11-08 18:08:45 28 [Note] InnoDB: Reading tablespace information from the .ibd files...
2017-11-08 18:08:45 28 [Note] InnoDB: Restoring possible half-written data pages 
2017-11-08 18:08:45 28 [Note] InnoDB: from the doublewrite buffer...
2017-11-08 18:08:45 28 [Note] InnoDB: 128 rollback segment(s) are active.
2017-11-08 18:08:45 28 [Note] InnoDB: Waiting for purge to start
2017-11-08 18:08:45 28 [Note] InnoDB: 5.6.37 started; log sequence number 1625997
2017-11-08 18:08:45 28 [Note] Server hostname (bind-address): '*'; port: 3306
2017-11-08 18:08:45 28 [Note] IPv6 is available.
2017-11-08 18:08:45 28 [Note]   - '::' resolves to '::';
2017-11-08 18:08:45 28 [Note] Server socket created on IP: '::'.
2017-11-08 18:08:45 28 [ERROR] /usr/sbin/mysqld: Table './mysql/user' is marked as crashed and should be repaired
2017-11-08 18:08:45 28 [Warning] Checking table:   './mysql/user'
2017-11-08 18:08:45 28 [ERROR] 1 client is using or hasn't closed the table properly
2017-11-08 18:08:45 28 [Warning] 'user' entry 'root@e24d0b5cccc1' ignored in --skip-name-resolve mode.
2017-11-08 18:08:45 28 [Warning] 'user' entry '@e24d0b5cccc1' ignored in --skip-name-resolve mode.
2017-11-08 18:08:45 28 [Warning] 'proxies_priv' entry '@ root@e24d0b5cccc1' ignored in --skip-name-resolve mode.
2017-11-08 18:08:45 28 [Note] Event Scheduler: Loaded 0 events
2017-11-08 18:08:45 28 [Note] /usr/sbin/mysqld: ready for connections.
Version: '5.6.37'  socket: '/var/run/mysqld/mysqld.sock'  port: 3306  MySQL Community Server (GPL)
2017-11-14 02:04:28 19 [Warning] Using unique option prefix myisam-recover instead of myisam-recover-options is deprecated and will be removed in a future release. Please use the full name instead.
2017-11-14 02:04:28 19 [Note] Plugin 'FEDERATED' is disabled.
2017-11-14 02:04:28 19 [Note] InnoDB: Using atomics to ref count buffer pool pages
2017-11-14 02:04:28 19 [Note] InnoDB: The InnoDB memory heap is disabled
2017-11-14 02:04:28 19 [Note] InnoDB: Mutexes and rw_locks use GCC atomic builtins
2017-11-14 02:04:28 19 [Note] InnoDB: Memory barrier is not used
2017-11-14 02:04:28 19 [Note] InnoDB: Compressed tables use zlib 1.2.3
2017-11-14 02:04:28 19 [Note] InnoDB: Using Linux native AIO
2017-11-14 02:04:28 19 [Note] InnoDB: Using CPU crc32 instructions
2017-11-14 02:04:28 19 [Note] InnoDB: Initializing buffer pool, size = 8.0M
2017-11-14 02:04:28 19 [Note] InnoDB: Completed initialization of buffer pool
2017-11-14 02:04:28 19 [Note] InnoDB: Highest supported file format is Barracuda.
2017-11-14 02:04:28 19 [Note] InnoDB: The log sequence numbers 1625987 and 1625987 in ibdata files do not match the log sequence number 5921087 in the ib_logfiles!
2017-11-14 02:04:28 19 [Note] InnoDB: Database was not shutdown normally!
2017-11-14 02:04:28 19 [Note] InnoDB: Starting crash recovery.
2017-11-14 02:04:28 19 [Note] InnoDB: Reading tablespace information from the .ibd files...
2017-11-14 02:04:28 19 [Note] InnoDB: Restoring possible half-written data pages 
2017-11-14 02:04:28 19 [Note] InnoDB: from the doublewrite buffer...
2017-11-14 02:04:29 19 [Note] InnoDB: 128 rollback segment(s) are active.
2017-11-14 02:04:29 19 [Note] InnoDB: Waiting for purge to start
2017-11-14 02:04:29 19 [Note] InnoDB: 5.6.37 started; log sequence number 5921087
2017-11-14 02:04:29 19 [Note] Server hostname (bind-address): '*'; port: 3306
2017-11-14 02:04:29 19 [Note] IPv6 is available.
2017-11-14 02:04:29 19 [Note]   - '::' resolves to '::';
2017-11-14 02:04:29 19 [Note] Server socket created on IP: '::'.
2017-11-14 02:04:29 19 [Warning] 'user' entry 'root@e24d0b5cccc1' ignored in --skip-name-resolve mode.
2017-11-14 02:04:29 19 [Warning] 'user' entry '@e24d0b5cccc1' ignored in --skip-name-resolve mode.
2017-11-14 02:04:29 19 [Warning] 'proxies_priv' entry '@ root@e24d0b5cccc1' ignored in --skip-name-resolve mode.
2017-11-14 02:04:29 19 [Note] Event Scheduler: Loaded 0 events
2017-11-14 02:04:29 19 [Note] /usr/sbin/mysqld: ready for connections.
Version: '5.6.37'  socket: '/var/run/mysqld/mysqld.sock'  port: 3306  MySQL Community Server (GPL)
2017-11-16 00:00:26 19 [Warning] Using unique option prefix myisam-recover instead of myisam-recover-options is deprecated and will be removed in a future release. Please use the full name instead.
2017-11-16 00:00:26 19 [Note] Plugin 'FEDERATED' is disabled.
2017-11-16 00:00:26 19 [Note] InnoDB: Using atomics to ref count buffer pool pages
2017-11-16 00:00:26 19 [Note] InnoDB: The InnoDB memory heap is disabled
2017-11-16 00:00:26 19 [Note] InnoDB: Mutexes and rw_locks use GCC atomic builtins
2017-11-16 00:00:26 19 [Note] InnoDB: Memory barrier is not used
2017-11-16 00:00:26 19 [Note] InnoDB: Compressed tables use zlib 1.2.3
2017-11-16 00:00:26 19 [Note] InnoDB: Using Linux native AIO
2017-11-16 00:00:26 19 [Note] InnoDB: Using CPU crc32 instructions
2017-11-16 00:00:26 19 [Note] InnoDB: Initializing buffer pool, size = 8.0M
2017-11-16 00:00:26 19 [Note] InnoDB: Completed initialization of buffer pool
2017-11-16 00:00:26 19 [Note] InnoDB: Highest supported file format is Barracuda.
2017-11-16 00:00:26 19 [Note] InnoDB: The log sequence numbers 1625987 and 1625987 in ibdata files do not match the log sequence number 6402611 in the ib_logfiles!
2017-11-16 00:00:26 19 [Note] InnoDB: Database was not shutdown normally!
2017-11-16 00:00:26 19 [Note] InnoDB: Starting crash recovery.
2017-11-16 00:00:26 19 [Note] InnoDB: Reading tablespace information from the .ibd files...
2017-11-16 00:00:26 19 [Note] InnoDB: Restoring possible half-written data pages 
2017-11-16 00:00:26 19 [Note] InnoDB: from the doublewrite buffer...
2017-11-16 00:00:27 19 [Note] InnoDB: 128 rollback segment(s) are active.
2017-11-16 00:00:27 19 [Note] InnoDB: Waiting for purge to start
2017-11-16 00:00:27 19 [Note] InnoDB: 5.6.37 started; log sequence number 6402611
2017-11-16 00:00:27 19 [Note] Server hostname (bind-address): '*'; port: 3306
2017-11-16 00:00:27 19 [Note] IPv6 is available.
2017-11-16 00:00:27 19 [Note]   - '::' resolves to '::';
2017-11-16 00:00:27 19 [Note] Server socket created on IP: '::'.
2017-11-16 00:00:27 19 [Warning] 'user' entry 'root@e24d0b5cccc1' ignored in --skip-name-resolve mode.
2017-11-16 00:00:27 19 [Warning] 'user' entry '@e24d0b5cccc1' ignored in --skip-name-resolve mode.
2017-11-16 00:00:27 19 [Warning] 'proxies_priv' entry '@ root@e24d0b5cccc1' ignored in --skip-name-resolve mode.
2017-11-16 00:00:27 19 [Note] Event Scheduler: Loaded 0 events
2017-11-16 00:00:27 19 [Note] /usr/sbin/mysqld: ready for connections.
Version: '5.6.37'  socket: '/var/run/mysqld/mysqld.sock'  port: 3306  MySQL Community Server (GPL)
2017-11-16 02:29:57 42 [Warning] Using unique option prefix myisam-recover instead of myisam-recover-options is deprecated and will be removed in a future release. Please use the full name instead.
2017-11-16 02:29:57 42 [Note] Plugin 'FEDERATED' is disabled.
2017-11-16 02:29:57 42 [Note] InnoDB: Using atomics to ref count buffer pool pages
2017-11-16 02:29:57 42 [Note] InnoDB: The InnoDB memory heap is disabled
2017-11-16 02:29:57 42 [Note] InnoDB: Mutexes and rw_locks use GCC atomic builtins
2017-11-16 02:29:57 42 [Note] InnoDB: Memory barrier is not used
2017-11-16 02:29:57 42 [Note] InnoDB: Compressed tables use zlib 1.2.3
2017-11-16 02:29:57 42 [Note] InnoDB: Using Linux native AIO
2017-11-16 02:29:57 42 [Note] InnoDB: Using CPU crc32 instructions
2017-11-16 02:29:57 42 [Note] InnoDB: Initializing buffer pool, size = 8.0M
2017-11-16 02:29:57 42 [Note] InnoDB: Completed initialization of buffer pool
2017-11-16 02:29:57 42 [Note] InnoDB: Highest supported file format is Barracuda.
2017-11-16 02:29:57 42 [Note] InnoDB: The log sequence numbers 1625987 and 1625987 in ibdata files do not match the log sequence number 6879862 in the ib_logfiles!
2017-11-16 02:29:57 42 [Note] InnoDB: Database was not shutdown normally!
2017-11-16 02:29:57 42 [Note] InnoDB: Starting crash recovery.
2017-11-16 02:29:57 42 [Note] InnoDB: Reading tablespace information from the .ibd files...
2017-11-16 02:29:57 42 [Note] InnoDB: Restoring possible half-written data pages 
2017-11-16 02:29:57 42 [Note] InnoDB: from the doublewrite buffer...
2017-11-16 02:29:57 42 [Note] InnoDB: 128 rollback segment(s) are active.
2017-11-16 02:29:57 42 [Note] InnoDB: Waiting for purge to start
2017-11-16 02:29:57 42 [Note] InnoDB: 5.6.37 started; log sequence number 6879862
2017-11-16 02:29:57 42 [Note] Server hostname (bind-address): '*'; port: 3306
2017-11-16 02:29:57 42 [Note] IPv6 is available.
2017-11-16 02:29:57 42 [Note]   - '::' resolves to '::';
2017-11-16 02:29:57 42 [Note] Server socket created on IP: '::'.
2017-11-16 02:29:57 42 [Warning] 'user' entry 'root@e24d0b5cccc1' ignored in --skip-name-resolve mode.
2017-11-16 02:29:57 42 [Warning] 'user' entry '@e24d0b5cccc1' ignored in --skip-name-resolve mode.
2017-11-16 02:29:57 42 [Warning] 'proxies_priv' entry '@ root@e24d0b5cccc1' ignored in --skip-name-resolve mode.
2017-11-16 02:29:57 42 [Note] Event Scheduler: Loaded 0 events
2017-11-16 02:29:57 42 [Note] /usr/sbin/mysqld: ready for connections.
Version: '5.6.37'  socket: '/var/run/mysqld/mysqld.sock'  port: 3306  MySQL Community Server (GPL)
2017-11-16 02:54:32 21 [Warning] Using unique option prefix myisam-recover instead of myisam-recover-options is deprecated and will be removed in a future release. Please use the full name instead.
2017-11-16 02:54:32 21 [Note] Plugin 'FEDERATED' is disabled.
2017-11-16 02:54:32 21 [Note] InnoDB: Using atomics to ref count buffer pool pages
2017-11-16 02:54:32 21 [Note] InnoDB: The InnoDB memory heap is disabled
2017-11-16 02:54:32 21 [Note] InnoDB: Mutexes and rw_locks use GCC atomic builtins
2017-11-16 02:54:32 21 [Note] InnoDB: Memory barrier is not used
2017-11-16 02:54:32 21 [Note] InnoDB: Compressed tables use zlib 1.2.3
2017-11-16 02:54:32 21 [Note] InnoDB: Using Linux native AIO
2017-11-16 02:54:32 21 [Note] InnoDB: Using CPU crc32 instructions
2017-11-16 02:54:32 21 [Note] InnoDB: Initializing buffer pool, size = 8.0M
2017-11-16 02:54:32 21 [Note] InnoDB: Completed initialization of buffer pool
2017-11-16 02:54:32 21 [Note] InnoDB: Highest supported file format is Barracuda.
2017-11-16 02:54:32 21 [Note] InnoDB: The log sequence numbers 1625987 and 1625987 in ibdata files do not match the log sequence number 6889964 in the ib_logfiles!
2017-11-16 02:54:32 21 [Note] InnoDB: Database was not shutdown normally!
2017-11-16 02:54:32 21 [Note] InnoDB: Starting crash recovery.
2017-11-16 02:54:32 21 [Note] InnoDB: Reading tablespace information from the .ibd files...
2017-11-16 02:54:32 21 [Note] InnoDB: Restoring possible half-written data pages 
2017-11-16 02:54:32 21 [Note] InnoDB: from the doublewrite buffer...
2017-11-16 02:54:32 21 [Note] InnoDB: 128 rollback segment(s) are active.
2017-11-16 02:54:32 21 [Note] InnoDB: Waiting for purge to start
2017-11-16 02:54:32 21 [Note] InnoDB: 5.6.37 started; log sequence number 6889964
2017-11-16 02:54:32 21 [Note] Server hostname (bind-address): '*'; port: 3306
2017-11-16 02:54:32 21 [Note] IPv6 is available.
2017-11-16 02:54:32 21 [Note]   - '::' resolves to '::';
2017-11-16 02:54:32 21 [Note] Server socket created on IP: '::'.
2017-11-16 02:54:32 21 [Warning] 'user' entry 'root@e24d0b5cccc1' ignored in --skip-name-resolve mode.
2017-11-16 02:54:32 21 [Warning] 'user' entry '@e24d0b5cccc1' ignored in --skip-name-resolve mode.
2017-11-16 02:54:32 21 [Warning] 'proxies_priv' entry '@ root@e24d0b5cccc1' ignored in --skip-name-resolve mode.
2017-11-16 02:54:32 21 [Note] Event Scheduler: Loaded 0 events
2017-11-16 02:54:32 21 [Note] /usr/sbin/mysqld: ready for connections.
Version: '5.6.37'  socket: '/var/run/mysqld/mysqld.sock'  port: 3306  MySQL Community Server (GPL)
2017-11-20 03:34:25 21 [Warning] Using unique option prefix myisam-recover instead of myisam-recover-options is deprecated and will be removed in a future release. Please use the full name instead.
2017-11-20 03:34:25 21 [Note] Plugin 'FEDERATED' is disabled.
2017-11-20 03:34:25 21 [Note] InnoDB: Using atomics to ref count buffer pool pages
2017-11-20 03:34:25 21 [Note] InnoDB: The InnoDB memory heap is disabled
2017-11-20 03:34:25 21 [Note] InnoDB: Mutexes and rw_locks use GCC atomic builtins
2017-11-20 03:34:25 21 [Note] InnoDB: Memory barrier is not used
2017-11-20 03:34:25 21 [Note] InnoDB: Compressed tables use zlib 1.2.3
2017-11-20 03:34:25 21 [Note] InnoDB: Using Linux native AIO
2017-11-20 03:34:25 21 [Note] InnoDB: Using CPU crc32 instructions
2017-11-20 03:34:25 21 [Note] InnoDB: Initializing buffer pool, size = 8.0M
2017-11-20 03:34:25 21 [Note] InnoDB: Completed initialization of buffer pool
2017-11-20 03:34:25 21 [Note] InnoDB: Highest supported file format is Barracuda.
2017-11-20 03:34:25 21 [Note] InnoDB: The log sequence numbers 1625987 and 1625987 in ibdata files do not match the log sequence number 6998707 in the ib_logfiles!
2017-11-20 03:34:25 21 [Note] InnoDB: Database was not shutdown normally!
2017-11-20 03:34:25 21 [Note] InnoDB: Starting crash recovery.
2017-11-20 03:34:25 21 [Note] InnoDB: Reading tablespace information from the .ibd files...
2017-11-20 03:34:25 21 [Note] InnoDB: Restoring possible half-written data pages 
2017-11-20 03:34:25 21 [Note] InnoDB: from the doublewrite buffer...
2017-11-20 03:34:25 21 [Note] InnoDB: 128 rollback segment(s) are active.
2017-11-20 03:34:25 21 [Note] InnoDB: Waiting for purge to start
2017-11-20 03:34:26 21 [Note] InnoDB: 5.6.37 started; log sequence number 6998707
2017-11-20 03:34:26 21 [Note] Server hostname (bind-address): '*'; port: 3306
2017-11-20 03:34:26 21 [Note] IPv6 is available.
2017-11-20 03:34:26 21 [Note]   - '::' resolves to '::';
2017-11-20 03:34:26 21 [Note] Server socket created on IP: '::'.
2017-11-20 03:34:26 21 [Warning] 'user' entry 'root@e24d0b5cccc1' ignored in --skip-name-resolve mode.
2017-11-20 03:34:26 21 [Warning] 'user' entry '@e24d0b5cccc1' ignored in --skip-name-resolve mode.
2017-11-20 03:34:26 21 [Warning] 'proxies_priv' entry '@ root@e24d0b5cccc1' ignored in --skip-name-resolve mode.
2017-11-20 03:34:26 21 [Note] Event Scheduler: Loaded 0 events
2017-11-20 03:34:26 21 [Note] /usr/sbin/mysqld: ready for connections.
Version: '5.6.37'  socket: '/var/run/mysqld/mysqld.sock'  port: 3306  MySQL Community Server (GPL)
